backed up
Tue Mar  6 19:33:53 EST 2018
backed up
Wed Mar 14 20:20:09 EDT 2018
backed up
Wed Mar 14 22:00:29 EDT 2018
backed up
Fri Mar 16 22:00:26 EDT 2018
backed up
Sun Mar 18 22:00:31 EDT 2018
backed up
Mon Mar 19 22:00:32 EDT 2018
backed up
Wed Mar 21 22:00:31 EDT 2018
backed up
Sun Mar 25 22:00:31 EDT 2018
backed up
Mon Mar 26 22:00:34 EDT 2018
backed up
Tue Mar 27 22:00:36 EDT 2018
backed up
Wed Mar 28 22:00:34 EDT 2018
backed up
Fri Mar 30 22:00:43 EDT 2018
backed up
Sun Apr  1 22:00:37 EDT 2018
backed up
Mon Apr  2 22:00:40 EDT 2018
backed up
Tue Apr  3 22:00:38 EDT 2018
backed up
Wed Apr  4 22:00:48 EDT 2018
backed up
Sun Apr  8 22:00:40 EDT 2018
backed up
Mon Apr  9 22:00:40 EDT 2018
backed up
Tue Apr 10 22:00:43 EDT 2018
backed up
Wed Apr 11 22:00:46 EDT 2018
backed up
Sat Apr 21 22:00:39 EDT 2018
backed up
Mon Apr 23 22:00:48 MDT 2018
backed up
Tue Apr 24 22:00:45 MDT 2018
backed up
Thu Apr 26 22:00:42 MDT 2018
backed up
Tue May  1 22:00:41 MDT 2018
backed up
Wed May  2 22:00:44 MDT 2018
backed up
Thu May  3 22:00:48 MDT 2018
backed up
Fri May  4 22:00:48 MDT 2018
backed up
Mon May  7 22:00:42 MDT 2018
backed up
Sat May 19 22:00:45 MDT 2018
backed up
Sun May 20 22:00:43 MDT 2018
backed up
Mon May 21 22:00:48 MDT 2018
backed up
Tue May 22 22:00:41 MDT 2018
backed up
Wed May 23 22:00:47 MDT 2018
backed up
Tue May 29 22:00:55 MDT 2018
backed up
Wed May 30 22:00:48 MDT 2018
backed up
Thu May 31 22:00:39 MDT 2018
backed up
Fri Jun  1 22:00:51 MDT 2018
backed up
Sat Jun  2 22:00:41 MDT 2018
backed up
Sun Jun  3 22:00:44 MDT 2018
backed up
Mon Jun  4 22:00:47 MDT 2018
backed up
Sat Jun  9 22:00:48 MDT 2018
backed up
Tue Jun 12 22:00:40 MDT 2018
backed up
Wed Jun 13 22:00:39 MDT 2018
backed up
Fri Jun 15 22:00:45 MDT 2018
backed up
Sun Jul  8 22:00:44 MDT 2018
backed up
Mon Jul  9 22:00:45 MDT 2018
backed up
Tue Jul 10 22:00:52 MDT 2018
backed up
Sun Jul 15 22:00:43 MDT 2018
backed up
Mon Jul 16 22:00:43 MDT 2018
backed up
Tue Jul 17 22:00:46 MDT 2018
backed up
Wed Jul 18 22:00:48 MDT 2018
backed up
Thu Jul 19 22:00:46 MDT 2018
backed up
Fri Jul 20 22:00:48 MDT 2018
backed up
Sat Jul 21 22:00:44 MDT 2018
backed up
Sun Jul 22 22:00:53 MDT 2018
backed up
Mon Jul 23 22:00:52 MDT 2018
backed up
Wed Aug  1 22:00:49 MDT 2018
backed up
Thu Aug  2 22:00:50 MDT 2018
backed up
Fri Aug  3 22:00:51 MDT 2018
backed up
Sat Aug  4 22:00:49 MDT 2018
backed up
Sun Aug  5 22:00:51 MDT 2018
backed up
Mon Aug  6 22:00:47 MDT 2018
backed up
Tue Aug  7 22:00:48 MDT 2018
backed up
Wed Aug  8 22:00:45 MDT 2018
backed up
Thu Aug  9 22:00:54 MDT 2018
backed up
Fri Aug 10 22:00:52 MDT 2018
backed up
Sat Aug 11 22:00:43 MDT 2018
backed up
Sun Aug 12 22:00:53 MDT 2018
backed up
Mon Aug 13 22:00:56 MDT 2018
backed up
Tue Aug 14 22:00:51 MDT 2018
backed up
Wed Aug 15 22:00:58 MDT 2018
backed up
Thu Aug 16 22:00:48 MDT 2018
backed up
Fri Aug 17 22:00:44 MDT 2018
backed up
Sat Aug 18 22:00:57 MDT 2018
backed up
Sun Aug 19 22:00:53 MDT 2018
backed up
Mon Aug 20 22:00:11 MDT 2018
backed up
Sun Aug 26 22:00:47 MDT 2018
backed up
Mon Aug 27 22:00:53 MDT 2018
backed up
Tue Aug 28 22:00:49 MDT 2018
backed up
Wed Aug 29 22:00:49 MDT 2018
backed up
Thu Aug 30 22:00:55 MDT 2018
backed up
Fri Aug 31 22:00:49 MDT 2018
backed up
Sat Sep  1 22:00:42 MDT 2018
backed up
Sun Sep  2 22:01:00 MDT 2018
backed up
Mon Sep  3 22:00:57 MDT 2018
backed up
Tue Sep  4 22:00:45 MDT 2018
backed up
Wed Sep  5 22:00:55 MDT 2018
backed up
Thu Sep  6 22:00:47 MDT 2018
backed up
Fri Sep  7 22:00:55 MDT 2018
backed up
Sat Sep  8 22:00:41 MDT 2018
backed up
Sun Sep  9 22:00:51 MDT 2018
backed up
Mon Sep 10 22:00:48 MDT 2018
backed up
Tue Sep 11 22:00:49 MDT 2018
backed up
Wed Sep 12 22:00:57 MDT 2018
backed up
Thu Sep 13 22:00:49 MDT 2018
backed up
Fri Sep 14 22:00:56 MDT 2018
backed up
Sat Sep 15 22:00:45 MDT 2018
backed up
Sun Sep 16 22:00:52 MDT 2018
backed up
Mon Sep 17 22:01:08 MDT 2018
backed up
Tue Sep 18 22:00:59 MDT 2018
backed up
Wed Sep 19 22:00:38 MDT 2018
backed up
Thu Sep 20 22:00:56 MDT 2018
backed up
Fri Sep 21 22:01:00 MDT 2018
backed up
Sat Sep 22 22:00:46 MDT 2018
backed up
Sun Sep 23 22:00:42 MDT 2018
backed up
Mon Sep 24 22:00:56 MDT 2018
backed up
Tue Sep 25 22:00:48 MDT 2018
backed up
Wed Sep 26 22:00:51 MDT 2018
backed up
Thu Sep 27 22:01:07 MDT 2018
backed up
Fri Sep 28 22:00:52 MDT 2018
backed up
Sat Sep 29 22:00:38 MDT 2018
backed up
Sun Sep 30 22:00:35 MDT 2018
backed up
Mon Oct  1 22:00:45 MDT 2018
backed up
Tue Oct  2 22:00:52 MDT 2018
backed up
Wed Oct  3 22:00:37 MDT 2018
backed up
Thu Oct  4 22:00:41 MDT 2018
backed up
Fri Oct  5 22:00:57 MDT 2018
backed up
Mon Oct  8 22:00:58 MDT 2018
backed up
Tue Oct  9 22:00:39 MDT 2018
backed up
Wed Oct 10 22:00:36 MDT 2018
backed up
Thu Oct 11 22:01:00 MDT 2018
backed up
Fri Oct 12 22:01:00 MDT 2018
